2020-08-06 01:53:51,859 WARN com.zaxxer.hikari.pool.HikariPool [HikariPool-1 housekeeper] HikariPool-1 - Thread starvation or clock leap detected (housekeeper delta=2h27s831ms).
2020-08-06 03:23:43,155 WARN com.zaxxer.hikari.pool.HikariPool [HikariPool-1 housekeeper] HikariPool-1 - Thread starvation or clock leap detected (housekeeper delta=1h28m21s299ms).
2020-08-06 05:25:41,220 WARN com.zaxxer.hikari.pool.HikariPool [HikariPool-1 housekeeper] HikariPool-1 - Thread starvation or clock leap detected (housekeeper delta=2h28s46ms).
2020-08-06 07:27:40,435 WARN com.zaxxer.hikari.pool.HikariPool [HikariPool-1 housekeeper] HikariPool-1 - Thread starvation or clock leap detected (housekeeper delta=2h29s212ms).
2020-08-06 07:50:40,432 WARN com.zaxxer.hikari.pool.HikariPool [HikariPool-1 housekeeper] HikariPool-1 - Thread starvation or clock leap detected (housekeeper delta=21m29s926ms).
2020-08-06 08:23:20,000 INFO com.zaxxer.hikari.HikariDataSource [Thread-3] HikariPool-1 - Shutdown initiated...
2020-08-06 08:23:20,001 INFO com.zaxxer.hikari.HikariDataSource [Thread-3] HikariPool-1 - Shutdown completed.
2020-08-06 20:54:02,188 INFO com.example.demo.SareetaApplication [main] Starting SareetaApplication on CA032988 with PID 40420 (started by skierskm in /Users/skierskm/Documents/projects/javawebdev/JDND/projects/P04-eCommerce Application)
2020-08-06 20:54:02,190 DEBUG com.example.demo.SareetaApplication [main] Running with Spring Boot v2.1.5.RELEASE, Spring v5.1.7.RELEASE
2020-08-06 20:54:02,191 INFO com.example.demo.SareetaApplication [main] No active profile set, falling back to default profiles: default
2020-08-06 20:54:03,578 INFO org.apache.catalina.core.StandardService [main] Starting service [Tomcat]
2020-08-06 20:54:03,579 INFO org.apache.catalina.core.StandardEngine [main] Starting Servlet engine: [Apache Tomcat/9.0.19]
2020-08-06 20:54:03,686 INFO org.apache.catalina.core.ContainerBase.[Tomcat].[localhost].[/] [main] Initializing Spring embedded WebApplicationContext
2020-08-06 20:54:03,841 INFO com.zaxxer.hikari.HikariDataSource [main] HikariPool-1 - Starting...
2020-08-06 20:54:03,998 INFO com.zaxxer.hikari.HikariDataSource [main] HikariPool-1 - Start completed.
2020-08-06 20:54:04,051 INFO org.hibernate.jpa.internal.util.LogHelper [main] HHH000204: Processing PersistenceUnitInfo [
	name: default
	...]
2020-08-06 20:54:04,128 INFO org.hibernate.Version [main] HHH000412: Hibernate Core {5.3.10.Final}
2020-08-06 20:54:04,129 INFO org.hibernate.cfg.Environment [main] HHH000206: hibernate.properties not found
2020-08-06 20:54:04,276 INFO org.hibernate.annotations.common.Version [main] HCANN000001: Hibernate Commons Annotations {5.0.4.Final}
2020-08-06 20:54:04,391 INFO org.hibernate.dialect.Dialect [main] HHH000400: Using dialect: org.hibernate.dialect.H2Dialect
2020-08-06 20:54:05,984 INFO com.example.demo.SareetaApplication [main] Started SareetaApplication in 4.144 seconds (JVM running for 4.641)
2020-08-06 20:54:14,171 INFO org.apache.catalina.core.ContainerBase.[Tomcat].[localhost].[/] [http-nio-8082-exec-2] Initializing Spring DispatcherServlet 'dispatcherServlet'
2020-08-06 20:54:14,269 INFO com.example.demo.controllers.UserController [http-nio-8082-exec-2] Attempting to create user with username: Mariusz3
2020-08-06 20:54:14,387 INFO com.example.demo.controllers.UserController [http-nio-8082-exec-2] Created user with username: Mariusz3
2020-08-06 20:55:46,407 INFO com.example.demo.controllers.UserController [http-nio-8082-exec-5] Attempting to create user with username: Mariusz4
2020-08-06 20:55:46,484 INFO com.example.demo.controllers.UserController [http-nio-8082-exec-5] Created user with username: Mariusz4
2020-08-06 20:58:31,182 INFO com.example.demo.controllers.UserController [http-nio-8082-exec-8] Attempting to create user with username: Mariusz5
2020-08-06 20:58:31,258 INFO com.example.demo.controllers.UserController [http-nio-8082-exec-8] Created user with username: Mariusz5
2020-08-06 21:06:15,041 INFO com.example.demo.controllers.UserController [http-nio-8082-exec-1] Attempting to create user with username: Mariusz6
2020-08-06 21:06:15,120 INFO com.example.demo.controllers.UserController [http-nio-8082-exec-1] Created user with username: Mariusz6
2020-08-06 21:06:48,713 INFO com.example.demo.controllers.UserController [http-nio-8082-exec-2] Attempting to create user with username: Mariusz7
2020-08-06 21:06:48,788 INFO com.example.demo.controllers.UserController [http-nio-8082-exec-2] Created user with username: Mariusz7
